2025/04/16 09:36:24 [error] [php] include(User.php): Failed to open stream: No such file or directory (C:\Users\Marchell Manurung\xampp\htdocs\inova-medika-solusi\yii\framework\YiiBase.php:463)
Stack trace:
#0 C:\Users\Marchell Manurung\xampp\htdocs\inova-medika-solusi\yii\framework\YiiBase.php(463): include()
#1 C:\Users\Marchell Manurung\xampp\htdocs\inova-medika-solusi\inova-medika-solusi-app\protected\components\UserIdentity.php(24): autoload()
#2 C:\Users\Marchell Manurung\xampp\htdocs\inova-medika-solusi\inova-medika-solusi-app\protected\models\LoginForm.php(56): UserIdentity->authenticate()
#3 C:\Users\Marchell Manurung\xampp\htdocs\inova-medika-solusi\yii\framework\validators\CInlineValidator.php(42): LoginForm->authenticate()
#4 C:\Users\Marchell Manurung\xampp\htdocs\inova-medika-solusi\yii\framework\validators\CValidator.php(201): CInlineValidator->validateAttribute()
#5 C:\Users\Marchell Manurung\xampp\htdocs\inova-medika-solusi\yii\framework\base\CModel.php(159): CInlineValidator->validate()
#6 C:\Users\Marchell Manurung\xampp\htdocs\inova-medika-solusi\inova-medika-solusi-app\protected\controllers\SiteController.php(92): LoginForm->validate()
#7 C:\Users\Marchell Manurung\xampp\htdocs\inova-medika-solusi\yii\framework\web\actions\CInlineAction.php(49): SiteController->actionLogin()
#8 C:\Users\Marchell Manurung\xampp\htdocs\inova-medika-solusi\yii\framework\web\CController.php(308): CInlineAction->runWithParams()
#9 C:\Users\Marchell Manurung\xampp\htdocs\inova-medika-solusi\yii\framework\web\CController.php(286): SiteController->runAction()
#10 C:\Users\Marchell Manurung\xampp\htdocs\inova-medika-solusi\yii\framework\web\CController.php(265): SiteController->runActionWithFilters()
#11 C:\Users\Marchell Manurung\xampp\htdocs\inova-medika-solusi\yii\framework\web\CWebApplication.php(282): SiteController->run()
#12 C:\Users\Marchell Manurung\xampp\htdocs\inova-medika-solusi\yii\framework\web\CWebApplication.php(141): CWebApplication->runController()
#13 C:\Users\Marchell Manurung\xampp\htdocs\inova-medika-solusi\yii\framework\base\CApplication.php(185): CWebApplication->processRequest()
#14 C:\Users\Marchell Manurung\xampp\htdocs\inova-medika-solusi\inova-medika-solusi-app\index.php(13): CWebApplication->run()
REQUEST_URI=/inova-medika-solusi/inova-medika-solusi-app/index.php?r=site/login
in C:\Users\Marchell Manurung\xampp\htdocs\inova-medika-solusi\inova-medika-solusi-app\protected\components\UserIdentity.php (24)
in C:\Users\Marchell Manurung\xampp\htdocs\inova-medika-solusi\inova-medika-solusi-app\protected\models\LoginForm.php (56)
in C:\Users\Marchell Manurung\xampp\htdocs\inova-medika-solusi\inova-medika-solusi-app\protected\controllers\SiteController.php (92)
2025/04/16 10:55:03 [error] [exception.CException] CException: Property "User.salt" is not defined. in C:\Users\Marchell Manurung\xampp\htdocs\inova-medika-solusi\yii\framework\base\CComponent.php:130
Stack trace:
#0 C:\Users\Marchell Manurung\xampp\htdocs\inova-medika-solusi\yii\framework\db\ar\CActiveRecord.php(145): CComponent->__get('salt')
#1 C:\Users\Marchell Manurung\xampp\htdocs\inova-medika-solusi\inova-medika-solusi-app\protected\components\UserIdentity.php(35): CActiveRecord->__get('salt')
#2 C:\Users\Marchell Manurung\xampp\htdocs\inova-medika-solusi\inova-medika-solusi-app\protected\models\LoginForm.php(56): UserIdentity->authenticate()
#3 C:\Users\Marchell Manurung\xampp\htdocs\inova-medika-solusi\yii\framework\validators\CInlineValidator.php(42): LoginForm->authenticate('password', Array)
#4 C:\Users\Marchell Manurung\xampp\htdocs\inova-medika-solusi\yii\framework\validators\CValidator.php(201): CInlineValidator->validateAttribute(Object(LoginForm), 'password')
#5 C:\Users\Marchell Manurung\xampp\htdocs\inova-medika-solusi\yii\framework\base\CModel.php(159): CValidator->validate(Object(LoginForm), Array)
#6 C:\Users\Marchell Manurung\xampp\htdocs\inova-medika-solusi\inova-medika-solusi-app\protected\controllers\SiteController.php(92): CModel->validate()
#7 C:\Users\Marchell Manurung\xampp\htdocs\inova-medika-solusi\yii\framework\web\actions\CInlineAction.php(49): SiteController->actionLogin()
#8 C:\Users\Marchell Manurung\xampp\htdocs\inova-medika-solusi\yii\framework\web\CController.php(308): CInlineAction->runWithParams(Array)
#9 C:\Users\Marchell Manurung\xampp\htdocs\inova-medika-solusi\yii\framework\web\CController.php(286): CController->runAction(Object(CInlineAction))
#10 C:\Users\Marchell Manurung\xampp\htdocs\inova-medika-solusi\yii\framework\web\CController.php(265): CController->runActionWithFilters(Object(CInlineAction), Array)
#11 C:\Users\Marchell Manurung\xampp\htdocs\inova-medika-solusi\yii\framework\web\CWebApplication.php(282): CController->run('login')
#12 C:\Users\Marchell Manurung\xampp\htdocs\inova-medika-solusi\yii\framework\web\CWebApplication.php(141): CWebApplication->runController('site/login')
#13 C:\Users\Marchell Manurung\xampp\htdocs\inova-medika-solusi\yii\framework\base\CApplication.php(185): CWebApplication->processRequest()
#14 C:\Users\Marchell Manurung\xampp\htdocs\inova-medika-solusi\inova-medika-solusi-app\index.php(13): CApplication->run()
#15 {main}
REQUEST_URI=/inova-medika-solusi/inova-medika-solusi-app/index.php?r=site/login
HTTP_REFERER=http://localhost:8080/inova-medika-solusi/inova-medika-solusi-app/index.php?r=site/login
---
2025/04/16 11:11:21 [error] [exception.ParseError] ParseError: syntax error, unexpected token "array", expecting ")" in C:\Users\Marchell Manurung\xampp\htdocs\inova-medika-solusi\inova-medika-solusi-app\protected\views\layouts\main.php:37
Stack trace:
#0 C:\Users\Marchell Manurung\xampp\htdocs\inova-medika-solusi\yii\framework\web\CBaseController.php(95): CBaseController->renderInternal('C:\\Users\\Marche...', Array, true)
#1 C:\Users\Marchell Manurung\xampp\htdocs\inova-medika-solusi\yii\framework\web\widgets\CContentDecorator.php(76): CBaseController->renderFile('C:\\Users\\Marche...', Array, true)
#2 C:\Users\Marchell Manurung\xampp\htdocs\inova-medika-solusi\yii\framework\web\widgets\CContentDecorator.php(54): CContentDecorator->decorate('<div id="conten...')
#3 C:\Users\Marchell Manurung\xampp\htdocs\inova-medika-solusi\yii\framework\web\widgets\COutputProcessor.php(44): CContentDecorator->processOutput('<div id="conten...')
#4 C:\Users\Marchell Manurung\xampp\htdocs\inova-medika-solusi\yii\framework\web\CBaseController.php(215): COutputProcessor->run()
#5 C:\Users\Marchell Manurung\xampp\htdocs\inova-medika-solusi\yii\framework\web\CBaseController.php(309): CBaseController->endWidget('CContentDecorat...')
#6 C:\Users\Marchell Manurung\xampp\htdocs\inova-medika-solusi\inova-medika-solusi-app\protected\views\layouts\column1.php(6): CBaseController->endContent()
#7 C:\Users\Marchell Manurung\xampp\htdocs\inova-medika-solusi\yii\framework\web\CBaseController.php(126): require('C:\\Users\\Marche...')
#8 C:\Users\Marchell Manurung\xampp\htdocs\inova-medika-solusi\yii\framework\web\CBaseController.php(95): CBaseController->renderInternal('C:\\Users\\Marche...', Array, true)
#9 C:\Users\Marchell Manurung\xampp\htdocs\inova-medika-solusi\yii\framework\web\CController.php(787): CBaseController->renderFile('C:\\Users\\Marche...', Array, true)
#10 C:\Users\Marchell Manurung\xampp\htdocs\inova-medika-solusi\inova-medika-solusi-app\protected\controllers\DashboardController.php(82): CController->render('index', Array)
#11 C:\Users\Marchell Manurung\xampp\htdocs\inova-medika-solusi\yii\framework\web\actions\CInlineAction.php(49): DashboardController->actionIndex()
#12 C:\Users\Marchell Manurung\xampp\htdocs\inova-medika-solusi\yii\framework\web\CController.php(308): CInlineAction->runWithParams(Array)
#13 C:\Users\Marchell Manurung\xampp\htdocs\inova-medika-solusi\yii\framework\web\filters\CFilterChain.php(134): CController->runAction(Object(CInlineAction))
#14 C:\Users\Marchell Manurung\xampp\htdocs\inova-medika-solusi\yii\framework\web\filters\CFilter.php(40): CFilterChain->run()
#15 C:\Users\Marchell Manurung\xampp\htdocs\inova-medika-solusi\yii\framework\web\CController.php(1148): CFilter->filter(Object(CFilterChain))
#16 C:\Users\Marchell Manurung\xampp\htdocs\inova-medika-solusi\yii\framework\web\filters\CInlineFilter.php(58): CController->filterAccessControl(Object(CFilterChain))
#17 C:\Users\Marchell Manurung\xampp\htdocs\inova-medika-solusi\yii\framework\web\filters\CFilterChain.php(131): CInlineFilter->filter(Object(CFilterChain))
#18 C:\Users\Marchell Manurung\xampp\htdocs\inova-medika-solusi\yii\framework\web\CController.php(291): CFilterChain->run()
#19 C:\Users\Marchell Manurung\xampp\htdocs\inova-medika-solusi\yii\framework\web\CController.php(265): CController->runActionWithFilters(Object(CInlineAction), Array)
#20 C:\Users\Marchell Manurung\xampp\htdocs\inova-medika-solusi\yii\framework\web\CWebApplication.php(282): CController->run('index')
#21 C:\Users\Marchell Manurung\xampp\htdocs\inova-medika-solusi\yii\framework\web\CWebApplication.php(141): CWebApplication->runController('dashboard/index')
#22 C:\Users\Marchell Manurung\xampp\htdocs\inova-medika-solusi\yii\framework\base\CApplication.php(185): CWebApplication->processRequest()
#23 C:\Users\Marchell Manurung\xampp\htdocs\inova-medika-solusi\inova-medika-solusi-app\index.php(13): CApplication->run()
#24 {main}
REQUEST_URI=/inova-medika-solusi/inova-medika-solusi-app/index.php?r=dashboard/index
HTTP_REFERER=http://localhost:8080/inova-medika-solusi/inova-medika-solusi-app/index.php?r=site/login
---
2025/04/16 12:05:43 [error] [exception.CDbException] CDbException: The table "roles" for active record class "Role" cannot be found in the database. in C:\Users\Marchell Manurung\xampp\htdocs\inova-medika-solusi\yii\framework\db\ar\CActiveRecord.php:2391
Stack trace:
#0 C:\Users\Marchell Manurung\xampp\htdocs\inova-medika-solusi\yii\framework\db\ar\CActiveRecord.php(413): CActiveRecordMetaData->__construct(Object(Role))
#1 C:\Users\Marchell Manurung\xampp\htdocs\inova-medika-solusi\yii\framework\db\ar\CActiveRecord.php(663): CActiveRecord->getMetaData()
#2 C:\Users\Marchell Manurung\xampp\htdocs\inova-medika-solusi\yii\framework\db\ar\CActiveRecord.php(1609): CActiveRecord->getTableSchema()
#3 C:\Users\Marchell Manurung\xampp\htdocs\inova-medika-solusi\yii\framework\web\CActiveDataProvider.php(228): CActiveRecord->count(Object(CDbCriteria))
#4 C:\Users\Marchell Manurung\xampp\htdocs\inova-medika-solusi\yii\framework\web\CDataProvider.php(224): CActiveDataProvider->calculateTotalItemCount()
#5 C:\Users\Marchell Manurung\xampp\htdocs\inova-medika-solusi\yii\framework\web\CActiveDataProvider.php(178): CDataProvider->getTotalItemCount()
#6 C:\Users\Marchell Manurung\xampp\htdocs\inova-medika-solusi\yii\framework\web\CDataProvider.php(168): CActiveDataProvider->fetchData()
#7 C:\Users\Marchell Manurung\xampp\htdocs\inova-medika-solusi\yii\framework\zii\widgets\CBaseListView.php(125): CDataProvider->getData()
#8 C:\Users\Marchell Manurung\xampp\htdocs\inova-medika-solusi\yii\framework\zii\widgets\CListView.php(211): CBaseListView->init()
#9 C:\Users\Marchell Manurung\xampp\htdocs\inova-medika-solusi\yii\framework\web\CBaseController.php(147): CListView->init()
#10 C:\Users\Marchell Manurung\xampp\htdocs\inova-medika-solusi\yii\framework\web\CBaseController.php(181): CBaseController->createWidget('zii.widgets.CLi...', Array)
#11 C:\Users\Marchell Manurung\xampp\htdocs\inova-medika-solusi\inova-medika-solusi-app\protected\views\role\index.php(17): CBaseController->widget('zii.widgets.CLi...', Array)
#12 C:\Users\Marchell Manurung\xampp\htdocs\inova-medika-solusi\yii\framework\web\CBaseController.php(126): require('C:\\Users\\Marche...')
#13 C:\Users\Marchell Manurung\xampp\htdocs\inova-medika-solusi\yii\framework\web\CBaseController.php(95): CBaseController->renderInternal('C:\\Users\\Marche...', Array, true)
#14 C:\Users\Marchell Manurung\xampp\htdocs\inova-medika-solusi\yii\framework\web\CController.php(872): CBaseController->renderFile('C:\\Users\\Marche...', Array, true)
#15 C:\Users\Marchell Manurung\xampp\htdocs\inova-medika-solusi\yii\framework\web\CController.php(785): CController->renderPartial('index', Array, true)
#16 C:\Users\Marchell Manurung\xampp\htdocs\inova-medika-solusi\inova-medika-solusi-app\protected\controllers\RoleController.php(43): CController->render('index', Array)
#17 C:\Users\Marchell Manurung\xampp\htdocs\inova-medika-solusi\yii\framework\web\actions\CInlineAction.php(49): RoleController->actionIndex()
#18 C:\Users\Marchell Manurung\xampp\htdocs\inova-medika-solusi\yii\framework\web\CController.php(308): CInlineAction->runWithParams(Array)
#19 C:\Users\Marchell Manurung\xampp\htdocs\inova-medika-solusi\yii\framework\web\filters\CFilterChain.php(134): CController->runAction(Object(CInlineAction))
#20 C:\Users\Marchell Manurung\xampp\htdocs\inova-medika-solusi\yii\framework\web\filters\CFilter.php(40): CFilterChain->run()
#21 C:\Users\Marchell Manurung\xampp\htdocs\inova-medika-solusi\yii\framework\web\CController.php(1148): CFilter->filter(Object(CFilterChain))
#22 C:\Users\Marchell Manurung\xampp\htdocs\inova-medika-solusi\yii\framework\web\filters\CInlineFilter.php(58): CController->filterAccessControl(Object(CFilterChain))
#23 C:\Users\Marchell Manurung\xampp\htdocs\inova-medika-solusi\yii\framework\web\filters\CFilterChain.php(131): CInlineFilter->filter(Object(CFilterChain))
#24 C:\Users\Marchell Manurung\xampp\htdocs\inova-medika-solusi\yii\framework\web\CController.php(291): CFilterChain->run()
#25 C:\Users\Marchell Manurung\xampp\htdocs\inova-medika-solusi\yii\framework\web\CController.php(265): CController->runActionWithFilters(Object(CInlineAction), Array)
#26 C:\Users\Marchell Manurung\xampp\htdocs\inova-medika-solusi\yii\framework\web\CWebApplication.php(282): CController->run('')
#27 C:\Users\Marchell Manurung\xampp\htdocs\inova-medika-solusi\yii\framework\web\CWebApplication.php(141): CWebApplication->runController('role')
#28 C:\Users\Marchell Manurung\xampp\htdocs\inova-medika-solusi\yii\framework\base\CApplication.php(185): CWebApplication->processRequest()
#29 C:\Users\Marchell Manurung\xampp\htdocs\inova-medika-solusi\inova-medika-solusi-app\index.php(13): CApplication->run()
#30 {main}
REQUEST_URI=/inova-medika-solusi/inova-medika-solusi-app/index.php?r=role
HTTP_REFERER=http://localhost:8080/inova-medika-solusi/inova-medika-solusi-app/index.php?r=dashboard/index
---
2025/04/16 12:06:03 [error] [exception.CDbException] CDbException: The table "roles" for active record class "Role" cannot be found in the database. in C:\Users\Marchell Manurung\xampp\htdocs\inova-medika-solusi\yii\framework\db\ar\CActiveRecord.php:2391
Stack trace:
#0 C:\Users\Marchell Manurung\xampp\htdocs\inova-medika-solusi\yii\framework\db\ar\CActiveRecord.php(413): CActiveRecordMetaData->__construct(Object(Role))
#1 C:\Users\Marchell Manurung\xampp\htdocs\inova-medika-solusi\yii\framework\db\ar\CActiveRecord.php(663): CActiveRecord->getMetaData()
#2 C:\Users\Marchell Manurung\xampp\htdocs\inova-medika-solusi\yii\framework\db\ar\CActiveRecord.php(1609): CActiveRecord->getTableSchema()
#3 C:\Users\Marchell Manurung\xampp\htdocs\inova-medika-solusi\yii\framework\web\CActiveDataProvider.php(228): CActiveRecord->count(Object(CDbCriteria))
#4 C:\Users\Marchell Manurung\xampp\htdocs\inova-medika-solusi\yii\framework\web\CDataProvider.php(224): CActiveDataProvider->calculateTotalItemCount()
#5 C:\Users\Marchell Manurung\xampp\htdocs\inova-medika-solusi\yii\framework\web\CActiveDataProvider.php(178): CDataProvider->getTotalItemCount()
#6 C:\Users\Marchell Manurung\xampp\htdocs\inova-medika-solusi\yii\framework\web\CDataProvider.php(168): CActiveDataProvider->fetchData()
#7 C:\Users\Marchell Manurung\xampp\htdocs\inova-medika-solusi\yii\framework\zii\widgets\CBaseListView.php(125): CDataProvider->getData()
#8 C:\Users\Marchell Manurung\xampp\htdocs\inova-medika-solusi\yii\framework\zii\widgets\CListView.php(211): CBaseListView->init()
#9 C:\Users\Marchell Manurung\xampp\htdocs\inova-medika-solusi\yii\framework\web\CBaseController.php(147): CListView->init()
#10 C:\Users\Marchell Manurung\xampp\htdocs\inova-medika-solusi\yii\framework\web\CBaseController.php(181): CBaseController->createWidget('zii.widgets.CLi...', Array)
#11 C:\Users\Marchell Manurung\xampp\htdocs\inova-medika-solusi\inova-medika-solusi-app\protected\views\role\index.php(17): CBaseController->widget('zii.widgets.CLi...', Array)
#12 C:\Users\Marchell Manurung\xampp\htdocs\inova-medika-solusi\yii\framework\web\CBaseController.php(126): require('C:\\Users\\Marche...')
#13 C:\Users\Marchell Manurung\xampp\htdocs\inova-medika-solusi\yii\framework\web\CBaseController.php(95): CBaseController->renderInternal('C:\\Users\\Marche...', Array, true)
#14 C:\Users\Marchell Manurung\xampp\htdocs\inova-medika-solusi\yii\framework\web\CController.php(872): CBaseController->renderFile('C:\\Users\\Marche...', Array, true)
#15 C:\Users\Marchell Manurung\xampp\htdocs\inova-medika-solusi\yii\framework\web\CController.php(785): CController->renderPartial('index', Array, true)
#16 C:\Users\Marchell Manurung\xampp\htdocs\inova-medika-solusi\inova-medika-solusi-app\protected\controllers\RoleController.php(42): CController->render('index', Array)
#17 C:\Users\Marchell Manurung\xampp\htdocs\inova-medika-solusi\yii\framework\web\actions\CInlineAction.php(49): RoleController->actionIndex()
#18 C:\Users\Marchell Manurung\xampp\htdocs\inova-medika-solusi\yii\framework\web\CController.php(308): CInlineAction->runWithParams(Array)
#19 C:\Users\Marchell Manurung\xampp\htdocs\inova-medika-solusi\yii\framework\web\filters\CFilterChain.php(134): CController->runAction(Object(CInlineAction))
#20 C:\Users\Marchell Manurung\xampp\htdocs\inova-medika-solusi\yii\framework\web\filters\CFilter.php(40): CFilterChain->run()
#21 C:\Users\Marchell Manurung\xampp\htdocs\inova-medika-solusi\yii\framework\web\CController.php(1148): CFilter->filter(Object(CFilterChain))
#22 C:\Users\Marchell Manurung\xampp\htdocs\inova-medika-solusi\yii\framework\web\filters\CInlineFilter.php(58): CController->filterAccessControl(Object(CFilterChain))
#23 C:\Users\Marchell Manurung\xampp\htdocs\inova-medika-solusi\yii\framework\web\filters\CFilterChain.php(131): CInlineFilter->filter(Object(CFilterChain))
#24 C:\Users\Marchell Manurung\xampp\htdocs\inova-medika-solusi\yii\framework\web\CController.php(291): CFilterChain->run()
#25 C:\Users\Marchell Manurung\xampp\htdocs\inova-medika-solusi\yii\framework\web\CController.php(265): CController->runActionWithFilters(Object(CInlineAction), Array)
#26 C:\Users\Marchell Manurung\xampp\htdocs\inova-medika-solusi\yii\framework\web\CWebApplication.php(282): CController->run('')
#27 C:\Users\Marchell Manurung\xampp\htdocs\inova-medika-solusi\yii\framework\web\CWebApplication.php(141): CWebApplication->runController('role')
#28 C:\Users\Marchell Manurung\xampp\htdocs\inova-medika-solusi\yii\framework\base\CApplication.php(185): CWebApplication->processRequest()
#29 C:\Users\Marchell Manurung\xampp\htdocs\inova-medika-solusi\inova-medika-solusi-app\index.php(13): CApplication->run()
#30 {main}
REQUEST_URI=/inova-medika-solusi/inova-medika-solusi-app/index.php?r=role
HTTP_REFERER=http://localhost:8080/inova-medika-solusi/inova-medika-solusi-app/index.php?r=dashboard/index
---
2025/04/16 12:06:03 [error] [exception.CDbException] CDbException: The table "roles" for active record class "Role" cannot be found in the database. in C:\Users\Marchell Manurung\xampp\htdocs\inova-medika-solusi\yii\framework\db\ar\CActiveRecord.php:2391
Stack trace:
#0 C:\Users\Marchell Manurung\xampp\htdocs\inova-medika-solusi\yii\framework\db\ar\CActiveRecord.php(413): CActiveRecordMetaData->__construct(Object(Role))
#1 C:\Users\Marchell Manurung\xampp\htdocs\inova-medika-solusi\yii\framework\db\ar\CActiveRecord.php(663): CActiveRecord->getMetaData()
#2 C:\Users\Marchell Manurung\xampp\htdocs\inova-medika-solusi\yii\framework\db\ar\CActiveRecord.php(1609): CActiveRecord->getTableSchema()
#3 C:\Users\Marchell Manurung\xampp\htdocs\inova-medika-solusi\yii\framework\web\CActiveDataProvider.php(228): CActiveRecord->count(Object(CDbCriteria))
#4 C:\Users\Marchell Manurung\xampp\htdocs\inova-medika-solusi\yii\framework\web\CDataProvider.php(224): CActiveDataProvider->calculateTotalItemCount()
#5 C:\Users\Marchell Manurung\xampp\htdocs\inova-medika-solusi\yii\framework\web\CActiveDataProvider.php(178): CDataProvider->getTotalItemCount()
#6 C:\Users\Marchell Manurung\xampp\htdocs\inova-medika-solusi\yii\framework\web\CDataProvider.php(168): CActiveDataProvider->fetchData()
#7 C:\Users\Marchell Manurung\xampp\htdocs\inova-medika-solusi\yii\framework\zii\widgets\CBaseListView.php(125): CDataProvider->getData()
#8 C:\Users\Marchell Manurung\xampp\htdocs\inova-medika-solusi\yii\framework\zii\widgets\CListView.php(211): CBaseListView->init()
#9 C:\Users\Marchell Manurung\xampp\htdocs\inova-medika-solusi\yii\framework\web\CBaseController.php(147): CListView->init()
#10 C:\Users\Marchell Manurung\xampp\htdocs\inova-medika-solusi\yii\framework\web\CBaseController.php(181): CBaseController->createWidget('zii.widgets.CLi...', Array)
#11 C:\Users\Marchell Manurung\xampp\htdocs\inova-medika-solusi\inova-medika-solusi-app\protected\views\role\index.php(17): CBaseController->widget('zii.widgets.CLi...', Array)
#12 C:\Users\Marchell Manurung\xampp\htdocs\inova-medika-solusi\yii\framework\web\CBaseController.php(126): require('C:\\Users\\Marche...')
#13 C:\Users\Marchell Manurung\xampp\htdocs\inova-medika-solusi\yii\framework\web\CBaseController.php(95): CBaseController->renderInternal('C:\\Users\\Marche...', Array, true)
#14 C:\Users\Marchell Manurung\xampp\htdocs\inova-medika-solusi\yii\framework\web\CController.php(872): CBaseController->renderFile('C:\\Users\\Marche...', Array, true)
#15 C:\Users\Marchell Manurung\xampp\htdocs\inova-medika-solusi\yii\framework\web\CController.php(785): CController->renderPartial('index', Array, true)
#16 C:\Users\Marchell Manurung\xampp\htdocs\inova-medika-solusi\inova-medika-solusi-app\protected\controllers\RoleController.php(42): CController->render('index', Array)
#17 C:\Users\Marchell Manurung\xampp\htdocs\inova-medika-solusi\yii\framework\web\actions\CInlineAction.php(49): RoleController->actionIndex()
#18 C:\Users\Marchell Manurung\xampp\htdocs\inova-medika-solusi\yii\framework\web\CController.php(308): CInlineAction->runWithParams(Array)
#19 C:\Users\Marchell Manurung\xampp\htdocs\inova-medika-solusi\yii\framework\web\filters\CFilterChain.php(134): CController->runAction(Object(CInlineAction))
#20 C:\Users\Marchell Manurung\xampp\htdocs\inova-medika-solusi\yii\framework\web\filters\CFilter.php(40): CFilterChain->run()
#21 C:\Users\Marchell Manurung\xampp\htdocs\inova-medika-solusi\yii\framework\web\CController.php(1148): CFilter->filter(Object(CFilterChain))
#22 C:\Users\Marchell Manurung\xampp\htdocs\inova-medika-solusi\yii\framework\web\filters\CInlineFilter.php(58): CController->filterAccessControl(Object(CFilterChain))
#23 C:\Users\Marchell Manurung\xampp\htdocs\inova-medika-solusi\yii\framework\web\filters\CFilterChain.php(131): CInlineFilter->filter(Object(CFilterChain))
#24 C:\Users\Marchell Manurung\xampp\htdocs\inova-medika-solusi\yii\framework\web\CController.php(291): CFilterChain->run()
#25 C:\Users\Marchell Manurung\xampp\htdocs\inova-medika-solusi\yii\framework\web\CController.php(265): CController->runActionWithFilters(Object(CInlineAction), Array)
#26 C:\Users\Marchell Manurung\xampp\htdocs\inova-medika-solusi\yii\framework\web\CWebApplication.php(282): CController->run('')
#27 C:\Users\Marchell Manurung\xampp\htdocs\inova-medika-solusi\yii\framework\web\CWebApplication.php(141): CWebApplication->runController('role')
#28 C:\Users\Marchell Manurung\xampp\htdocs\inova-medika-solusi\yii\framework\base\CApplication.php(185): CWebApplication->processRequest()
#29 C:\Users\Marchell Manurung\xampp\htdocs\inova-medika-solusi\inova-medika-solusi-app\index.php(13): CApplication->run()
#30 {main}
REQUEST_URI=/inova-medika-solusi/inova-medika-solusi-app/index.php?r=role
HTTP_REFERER=http://localhost:8080/inova-medika-solusi/inova-medika-solusi-app/index.php?r=dashboard/index
---
2025/04/16 12:06:25 [error] [exception.CHttpException.404] CHttpException: Unable to resolve the request "role". in C:\Users\Marchell Manurung\xampp\htdocs\inova-medika-solusi\yii\framework\web\CWebApplication.php:286
Stack trace:
#0 C:\Users\Marchell Manurung\xampp\htdocs\inova-medika-solusi\yii\framework\web\CWebApplication.php(141): CWebApplication->runController('role')
#1 C:\Users\Marchell Manurung\xampp\htdocs\inova-medika-solusi\yii\framework\base\CApplication.php(185): CWebApplication->processRequest()
#2 C:\Users\Marchell Manurung\xampp\htdocs\inova-medika-solusi\inova-medika-solusi-app\index.php(13): CApplication->run()
#3 {main}
REQUEST_URI=/inova-medika-solusi/inova-medika-solusi-app/index.php?r=role
HTTP_REFERER=http://localhost:8080/inova-medika-solusi/inova-medika-solusi-app/index.php?r=dashboard/index
---
2025/04/16 12:06:25 [error] [exception.CHttpException.404] CHttpException: Unable to resolve the request "role". in C:\Users\Marchell Manurung\xampp\htdocs\inova-medika-solusi\yii\framework\web\CWebApplication.php:286
Stack trace:
#0 C:\Users\Marchell Manurung\xampp\htdocs\inova-medika-solusi\yii\framework\web\CWebApplication.php(141): CWebApplication->runController('role')
#1 C:\Users\Marchell Manurung\xampp\htdocs\inova-medika-solusi\yii\framework\base\CApplication.php(185): CWebApplication->processRequest()
#2 C:\Users\Marchell Manurung\xampp\htdocs\inova-medika-solusi\inova-medika-solusi-app\index.php(13): CApplication->run()
#3 {main}
REQUEST_URI=/inova-medika-solusi/inova-medika-solusi-app/index.php?r=role
HTTP_REFERER=http://localhost:8080/inova-medika-solusi/inova-medika-solusi-app/index.php?r=dashboard/index
---
2025/04/16 12:10:45 [error] [php] require_once(C:\Users\Marchell Manurung\xampp\htdocs\inova-medika-solusi\inova-medika-solusi-app\protected\migrations\m250416_090538_add_role_column.php): Failed to open stream: No such file or directory (C:\Users\Marchell Manurung\xampp\htdocs\inova-medika-solusi\yii\framework\cli\commands\MigrateCommand.php:458)
Stack trace:
#0 C:\Users\Marchell Manurung\xampp\htdocs\inova-medika-solusi\yii\framework\cli\commands\MigrateCommand.php(458): require_once()
#1 C:\Users\Marchell Manurung\xampp\htdocs\inova-medika-solusi\yii\framework\cli\commands\MigrateCommand.php(439): MigrateCommand->instantiateMigration()
#2 C:\Users\Marchell Manurung\xampp\htdocs\inova-medika-solusi\yii\framework\cli\commands\MigrateCommand.php(145): MigrateCommand->migrateDown()
#3 unknown(0): MigrateCommand->actionDown()
#4 C:\Users\Marchell Manurung\xampp\htdocs\inova-medika-solusi\yii\framework\console\CConsoleCommand.php(177): ReflectionMethod->invokeArgs()
#5 C:\Users\Marchell Manurung\xampp\htdocs\inova-medika-solusi\yii\framework\console\CConsoleCommandRunner.php(71): MigrateCommand->run()
#6 C:\Users\Marchell Manurung\xampp\htdocs\inova-medika-solusi\yii\framework\console\CConsoleApplication.php(92): CConsoleCommandRunner->run()
#7 C:\Users\Marchell Manurung\xampp\htdocs\inova-medika-solusi\yii\framework\base\CApplication.php(185): CConsoleApplication->processRequest()
#8 C:\Users\Marchell Manurung\xampp\htdocs\inova-medika-solusi\yii\framework\yiic.php(33): CConsoleApplication->run()
#9 C:\Users\Marchell Manurung\xampp\htdocs\inova-medika-solusi\inova-medika-solusi-app\protected\yiic.php(7): require_once()

2025/04/16 12:16:59 [error] [system.db.CDbCommand] CDbCommand::execute() failed: SQLSTATE[42P01]: Undefined table: 7 ERROR:  table "role" does not exist. The SQL statement executed was: DROP TABLE "role".
2025/04/16 12:16:59 [error] [exception.CDbException] CDbException: CDbCommand failed to execute the SQL statement: SQLSTATE[42P01]: Undefined table: 7 ERROR:  table "role" does not exist. The SQL statement executed was: DROP TABLE "role" in C:\Users\Marchell Manurung\xampp\htdocs\inova-medika-solusi\yii\framework\db\CDbCommand.php:358
Stack trace:
#0 C:\Users\Marchell Manurung\xampp\htdocs\inova-medika-solusi\yii\framework\db\CDbCommand.php(1375): CDbCommand->execute()
#1 C:\Users\Marchell Manurung\xampp\htdocs\inova-medika-solusi\yii\framework\db\CDbMigration.php(275): CDbCommand->dropTable('role')
#2 C:\Users\Marchell Manurung\xampp\htdocs\inova-medika-solusi\inova-medika-solusi-app\protected\migrations\m250416_100830_create_role_database.php(30): CDbMigration->dropTable('role')
#3 C:\Users\Marchell Manurung\xampp\htdocs\inova-medika-solusi\yii\framework\cli\commands\MigrateCommand.php(440): m250416_100830_create_role_database->down()
#4 C:\Users\Marchell Manurung\xampp\htdocs\inova-medika-solusi\yii\framework\cli\commands\MigrateCommand.php(145): MigrateCommand->migrateDown('m250416_100830_...')
#5 [internal function]: MigrateCommand->actionDown(Array)
#6 C:\Users\Marchell Manurung\xampp\htdocs\inova-medika-solusi\yii\framework\console\CConsoleCommand.php(177): ReflectionMethod->invokeArgs(Object(MigrateCommand), Array)
#7 C:\Users\Marchell Manurung\xampp\htdocs\inova-medika-solusi\yii\framework\console\CConsoleCommandRunner.php(71): CConsoleCommand->run(Array)
#8 C:\Users\Marchell Manurung\xampp\htdocs\inova-medika-solusi\yii\framework\console\CConsoleApplication.php(92): CConsoleCommandRunner->run(Array)
#9 C:\Users\Marchell Manurung\xampp\htdocs\inova-medika-solusi\yii\framework\base\CApplication.php(185): CConsoleApplication->processRequest()
#10 C:\Users\Marchell Manurung\xampp\htdocs\inova-medika-solusi\yii\framework\yiic.php(33): CApplication->run()
#11 C:\Users\Marchell Manurung\xampp\htdocs\inova-medika-solusi\inova-medika-solusi-app\protected\yiic.php(7): require_once('C:\\Users\\Marche...')
#12 {main}
---
2025/04/16 12:45:37 [error] [exception.ParseError] ParseError: syntax error, unexpected token "<", expecting end of file in C:\Users\Marchell Manurung\xampp\htdocs\inova-medika-solusi\inova-medika-solusi-app\protected\controllers\RoleController.php:4
Stack trace:
#0 C:\Users\Marchell Manurung\xampp\htdocs\inova-medika-solusi\yii\framework\web\CWebApplication.php(276): CWebApplication->createController('')
#1 C:\Users\Marchell Manurung\xampp\htdocs\inova-medika-solusi\yii\framework\web\CWebApplication.php(141): CWebApplication->runController('role')
#2 C:\Users\Marchell Manurung\xampp\htdocs\inova-medika-solusi\yii\framework\base\CApplication.php(185): CWebApplication->processRequest()
#3 C:\Users\Marchell Manurung\xampp\htdocs\inova-medika-solusi\inova-medika-solusi-app\index.php(13): CApplication->run()
#4 {main}
REQUEST_URI=/inova-medika-solusi/inova-medika-solusi-app/index.php?r=role
HTTP_REFERER=http://localhost:8080/inova-medika-solusi/inova-medika-solusi-app/index.php?r=dashboard/index
---
2025/04/16 12:45:56 [error] [exception.CException] CException: RoleController cannot find the requested view "create". in C:\Users\Marchell Manurung\xampp\htdocs\inova-medika-solusi\yii\framework\web\CController.php:881
Stack trace:
#0 C:\Users\Marchell Manurung\xampp\htdocs\inova-medika-solusi\yii\framework\web\CController.php(785): CController->renderPartial('create', Array, true)
#1 C:\Users\Marchell Manurung\xampp\htdocs\inova-medika-solusi\inova-medika-solusi-app\protected\controllers\RoleController.php(65): CController->render('create', Array)
#2 C:\Users\Marchell Manurung\xampp\htdocs\inova-medika-solusi\yii\framework\web\actions\CInlineAction.php(49): RoleController->actionCreate()
#3 C:\Users\Marchell Manurung\xampp\htdocs\inova-medika-solusi\yii\framework\web\CController.php(308): CInlineAction->runWithParams(Array)
#4 C:\Users\Marchell Manurung\xampp\htdocs\inova-medika-solusi\yii\framework\web\filters\CFilterChain.php(134): CController->runAction(Object(CInlineAction))
#5 C:\Users\Marchell Manurung\xampp\htdocs\inova-medika-solusi\yii\framework\web\filters\CFilter.php(40): CFilterChain->run()
#6 C:\Users\Marchell Manurung\xampp\htdocs\inova-medika-solusi\yii\framework\web\CController.php(1148): CFilter->filter(Object(CFilterChain))
#7 C:\Users\Marchell Manurung\xampp\htdocs\inova-medika-solusi\yii\framework\web\filters\CInlineFilter.php(58): CController->filterAccessControl(Object(CFilterChain))
#8 C:\Users\Marchell Manurung\xampp\htdocs\inova-medika-solusi\yii\framework\web\filters\CFilterChain.php(131): CInlineFilter->filter(Object(CFilterChain))
#9 C:\Users\Marchell Manurung\xampp\htdocs\inova-medika-solusi\yii\framework\web\CController.php(291): CFilterChain->run()
#10 C:\Users\Marchell Manurung\xampp\htdocs\inova-medika-solusi\yii\framework\web\CController.php(265): CController->runActionWithFilters(Object(CInlineAction), Array)
#11 C:\Users\Marchell Manurung\xampp\htdocs\inova-medika-solusi\yii\framework\web\CWebApplication.php(282): CController->run('create')
#12 C:\Users\Marchell Manurung\xampp\htdocs\inova-medika-solusi\yii\framework\web\CWebApplication.php(141): CWebApplication->runController('role/create')
#13 C:\Users\Marchell Manurung\xampp\htdocs\inova-medika-solusi\yii\framework\base\CApplication.php(185): CWebApplication->processRequest()
#14 C:\Users\Marchell Manurung\xampp\htdocs\inova-medika-solusi\inova-medika-solusi-app\index.php(13): CApplication->run()
#15 {main}
REQUEST_URI=/inova-medika-solusi/inova-medika-solusi-app/index.php?r=role/create
HTTP_REFERER=http://localhost:8080/inova-medika-solusi/inova-medika-solusi-app/index.php?r=role
---
2025/04/16 12:46:54 [error] [exception.CException] CException: RoleController cannot find the requested view "_form". in C:\Users\Marchell Manurung\xampp\htdocs\inova-medika-solusi\yii\framework\web\CController.php:881
Stack trace:
#0 C:\Users\Marchell Manurung\xampp\htdocs\inova-medika-solusi\inova-medika-solusi-app\protected\views\role\create.php(9): CController->renderPartial('_form', Array)
#1 C:\Users\Marchell Manurung\xampp\htdocs\inova-medika-solusi\yii\framework\web\CBaseController.php(126): require('C:\\Users\\Marche...')
#2 C:\Users\Marchell Manurung\xampp\htdocs\inova-medika-solusi\yii\framework\web\CBaseController.php(95): CBaseController->renderInternal('C:\\Users\\Marche...', Array, true)
#3 C:\Users\Marchell Manurung\xampp\htdocs\inova-medika-solusi\yii\framework\web\CController.php(872): CBaseController->renderFile('C:\\Users\\Marche...', Array, true)
#4 C:\Users\Marchell Manurung\xampp\htdocs\inova-medika-solusi\yii\framework\web\CController.php(785): CController->renderPartial('create', Array, true)
#5 C:\Users\Marchell Manurung\xampp\htdocs\inova-medika-solusi\inova-medika-solusi-app\protected\controllers\RoleController.php(65): CController->render('create', Array)
#6 C:\Users\Marchell Manurung\xampp\htdocs\inova-medika-solusi\yii\framework\web\actions\CInlineAction.php(49): RoleController->actionCreate()
#7 C:\Users\Marchell Manurung\xampp\htdocs\inova-medika-solusi\yii\framework\web\CController.php(308): CInlineAction->runWithParams(Array)
#8 C:\Users\Marchell Manurung\xampp\htdocs\inova-medika-solusi\yii\framework\web\filters\CFilterChain.php(134): CController->runAction(Object(CInlineAction))
#9 C:\Users\Marchell Manurung\xampp\htdocs\inova-medika-solusi\yii\framework\web\filters\CFilter.php(40): CFilterChain->run()
#10 C:\Users\Marchell Manurung\xampp\htdocs\inova-medika-solusi\yii\framework\web\CController.php(1148): CFilter->filter(Object(CFilterChain))
#11 C:\Users\Marchell Manurung\xampp\htdocs\inova-medika-solusi\yii\framework\web\filters\CInlineFilter.php(58): CController->filterAccessControl(Object(CFilterChain))
#12 C:\Users\Marchell Manurung\xampp\htdocs\inova-medika-solusi\yii\framework\web\filters\CFilterChain.php(131): CInlineFilter->filter(Object(CFilterChain))
#13 C:\Users\Marchell Manurung\xampp\htdocs\inova-medika-solusi\yii\framework\web\CController.php(291): CFilterChain->run()
#14 C:\Users\Marchell Manurung\xampp\htdocs\inova-medika-solusi\yii\framework\web\CController.php(265): CController->runActionWithFilters(Object(CInlineAction), Array)
#15 C:\Users\Marchell Manurung\xampp\htdocs\inova-medika-solusi\yii\framework\web\CWebApplication.php(282): CController->run('create')
#16 C:\Users\Marchell Manurung\xampp\htdocs\inova-medika-solusi\yii\framework\web\CWebApplication.php(141): CWebApplication->runController('role/create')
#17 C:\Users\Marchell Manurung\xampp\htdocs\inova-medika-solusi\yii\framework\base\CApplication.php(185): CWebApplication->processRequest()
#18 C:\Users\Marchell Manurung\xampp\htdocs\inova-medika-solusi\inova-medika-solusi-app\index.php(13): CApplication->run()
#19 {main}
REQUEST_URI=/inova-medika-solusi/inova-medika-solusi-app/index.php?r=role/create
HTTP_REFERER=http://localhost:8080/inova-medika-solusi/inova-medika-solusi-app/index.php?r=role
---
2025/04/16 12:48:35 [error] [exception.CException] CException: The "dataProvider" property cannot be empty. in C:\Users\Marchell Manurung\xampp\htdocs\inova-medika-solusi\yii\framework\zii\widgets\CBaseListView.php:123
Stack trace:
#0 C:\Users\Marchell Manurung\xampp\htdocs\inova-medika-solusi\yii\framework\zii\widgets\grid\CGridView.php(355): CBaseListView->init()
#1 C:\Users\Marchell Manurung\xampp\htdocs\inova-medika-solusi\yii\framework\web\CBaseController.php(147): CGridView->init()
#2 C:\Users\Marchell Manurung\xampp\htdocs\inova-medika-solusi\yii\framework\web\CBaseController.php(181): CBaseController->createWidget('zii.widgets.gri...', Array)
#3 C:\Users\Marchell Manurung\xampp\htdocs\inova-medika-solusi\inova-medika-solusi-app\protected\views\role\index.php(23): CBaseController->widget('zii.widgets.gri...', Array)
#4 C:\Users\Marchell Manurung\xampp\htdocs\inova-medika-solusi\yii\framework\web\CBaseController.php(126): require('C:\\Users\\Marche...')
#5 C:\Users\Marchell Manurung\xampp\htdocs\inova-medika-solusi\yii\framework\web\CBaseController.php(95): CBaseController->renderInternal('C:\\Users\\Marche...', Array, true)
#6 C:\Users\Marchell Manurung\xampp\htdocs\inova-medika-solusi\yii\framework\web\CController.php(872): CBaseController->renderFile('C:\\Users\\Marche...', Array, true)
#7 C:\Users\Marchell Manurung\xampp\htdocs\inova-medika-solusi\yii\framework\web\CController.php(785): CController->renderPartial('index', Array, true)
#8 C:\Users\Marchell Manurung\xampp\htdocs\inova-medika-solusi\inova-medika-solusi-app\protected\controllers\RoleController.php(43): CController->render('index', Array)
#9 C:\Users\Marchell Manurung\xampp\htdocs\inova-medika-solusi\yii\framework\web\actions\CInlineAction.php(49): RoleController->actionIndex()
#10 C:\Users\Marchell Manurung\xampp\htdocs\inova-medika-solusi\yii\framework\web\CController.php(308): CInlineAction->runWithParams(Array)
#11 C:\Users\Marchell Manurung\xampp\htdocs\inova-medika-solusi\yii\framework\web\filters\CFilterChain.php(134): CController->runAction(Object(CInlineAction))
#12 C:\Users\Marchell Manurung\xampp\htdocs\inova-medika-solusi\yii\framework\web\filters\CFilter.php(40): CFilterChain->run()
#13 C:\Users\Marchell Manurung\xampp\htdocs\inova-medika-solusi\yii\framework\web\CController.php(1148): CFilter->filter(Object(CFilterChain))
#14 C:\Users\Marchell Manurung\xampp\htdocs\inova-medika-solusi\yii\framework\web\filters\CInlineFilter.php(58): CController->filterAccessControl(Object(CFilterChain))
#15 C:\Users\Marchell Manurung\xampp\htdocs\inova-medika-solusi\yii\framework\web\filters\CFilterChain.php(131): CInlineFilter->filter(Object(CFilterChain))
#16 C:\Users\Marchell Manurung\xampp\htdocs\inova-medika-solusi\yii\framework\web\CController.php(291): CFilterChain->run()
#17 C:\Users\Marchell Manurung\xampp\htdocs\inova-medika-solusi\yii\framework\web\CController.php(265): CController->runActionWithFilters(Object(CInlineAction), Array)
#18 C:\Users\Marchell Manurung\xampp\htdocs\inova-medika-solusi\yii\framework\web\CWebApplication.php(282): CController->run('index')
#19 C:\Users\Marchell Manurung\xampp\htdocs\inova-medika-solusi\yii\framework\web\CWebApplication.php(141): CWebApplication->runController('role/index')
#20 C:\Users\Marchell Manurung\xampp\htdocs\inova-medika-solusi\yii\framework\base\CApplication.php(185): CWebApplication->processRequest()
#21 C:\Users\Marchell Manurung\xampp\htdocs\inova-medika-solusi\inova-medika-solusi-app\index.php(13): CApplication->run()
#22 {main}
REQUEST_URI=/inova-medika-solusi/inova-medika-solusi-app/index.php?r=role/index
HTTP_REFERER=http://localhost:8080/inova-medika-solusi/inova-medika-solusi-app/index.php?r=role/create
---
2025/04/16 12:53:54 [error] [system.db.CDbCommand] CDbCommand::execute() failed: SQLSTATE[23502]: Not null violation: 7 ERROR:  null value in column "created_at" of relation "role" violates not-null constraint
DETAIL:  Failing row contains (3, Dokter, null, null).. The SQL statement executed was: INSERT INTO "role" ("name") VALUES (:yp0). Bound with :yp0='Dokter'.
in C:\Users\Marchell Manurung\xampp\htdocs\inova-medika-solusi\inova-medika-solusi-app\protected\controllers\RoleController.php (58)
in C:\Users\Marchell Manurung\xampp\htdocs\inova-medika-solusi\inova-medika-solusi-app\index.php (13)
2025/04/16 12:53:54 [error] [exception.CDbException] CDbException: CDbCommand failed to execute the SQL statement: SQLSTATE[23502]: Not null violation: 7 ERROR:  null value in column "created_at" of relation "role" violates not-null constraint
DETAIL:  Failing row contains (3, Dokter, null, null).. The SQL statement executed was: INSERT INTO "role" ("name") VALUES (:yp0). Bound with :yp0='Dokter' in C:\Users\Marchell Manurung\xampp\htdocs\inova-medika-solusi\yii\framework\db\CDbCommand.php:358
Stack trace:
#0 C:\Users\Marchell Manurung\xampp\htdocs\inova-medika-solusi\yii\framework\db\ar\CActiveRecord.php(1083): CDbCommand->execute()
#1 C:\Users\Marchell Manurung\xampp\htdocs\inova-medika-solusi\yii\framework\db\ar\CActiveRecord.php(811): CActiveRecord->insert(NULL)
#2 C:\Users\Marchell Manurung\xampp\htdocs\inova-medika-solusi\inova-medika-solusi-app\protected\controllers\RoleController.php(58): CActiveRecord->save()
#3 C:\Users\Marchell Manurung\xampp\htdocs\inova-medika-solusi\yii\framework\web\actions\CInlineAction.php(49): RoleController->actionCreate()
#4 C:\Users\Marchell Manurung\xampp\htdocs\inova-medika-solusi\yii\framework\web\CController.php(308): CInlineAction->runWithParams(Array)
#5 C:\Users\Marchell Manurung\xampp\htdocs\inova-medika-solusi\yii\framework\web\filters\CFilterChain.php(134): CController->runAction(Object(CInlineAction))
#6 C:\Users\Marchell Manurung\xampp\htdocs\inova-medika-solusi\yii\framework\web\filters\CFilter.php(40): CFilterChain->run()
#7 C:\Users\Marchell Manurung\xampp\htdocs\inova-medika-solusi\yii\framework\web\CController.php(1148): CFilter->filter(Object(CFilterChain))
#8 C:\Users\Marchell Manurung\xampp\htdocs\inova-medika-solusi\yii\framework\web\filters\CInlineFilter.php(58): CController->filterAccessControl(Object(CFilterChain))
#9 C:\Users\Marchell Manurung\xampp\htdocs\inova-medika-solusi\yii\framework\web\filters\CFilterChain.php(131): CInlineFilter->filter(Object(CFilterChain))
#10 C:\Users\Marchell Manurung\xampp\htdocs\inova-medika-solusi\yii\framework\web\CController.php(291): CFilterChain->run()
#11 C:\Users\Marchell Manurung\xampp\htdocs\inova-medika-solusi\yii\framework\web\CController.php(265): CController->runActionWithFilters(Object(CInlineAction), Array)
#12 C:\Users\Marchell Manurung\xampp\htdocs\inova-medika-solusi\yii\framework\web\CWebApplication.php(282): CController->run('create')
#13 C:\Users\Marchell Manurung\xampp\htdocs\inova-medika-solusi\yii\framework\web\CWebApplication.php(141): CWebApplication->runController('role/create')
#14 C:\Users\Marchell Manurung\xampp\htdocs\inova-medika-solusi\yii\framework\base\CApplication.php(185): CWebApplication->processRequest()
#15 C:\Users\Marchell Manurung\xampp\htdocs\inova-medika-solusi\inova-medika-solusi-app\index.php(13): CApplication->run()
#16 {main}
REQUEST_URI=/inova-medika-solusi/inova-medika-solusi-app/index.php?r=role/create
HTTP_REFERER=http://localhost:8080/inova-medika-solusi/inova-medika-solusi-app/index.php?r=role/create
---
2025/04/16 12:57:35 [error] [system.db.CDbCommand] CDbCommand::execute() failed: SQLSTATE[42P01]: Undefined table: 7 ERROR:  relation "roles" does not exist. The SQL statement executed was: ALTER TABLE "users" ADD CONSTRAINT "fk_users_role" FOREIGN KEY ("role_id") REFERENCES "roles" ("id") ON DELETE SET NULL ON UPDATE CASCADE.
2025/04/16 12:57:35 [error] [exception.CDbException] CDbException: CDbCommand failed to execute the SQL statement: SQLSTATE[42P01]: Undefined table: 7 ERROR:  relation "roles" does not exist. The SQL statement executed was: ALTER TABLE "users" ADD CONSTRAINT "fk_users_role" FOREIGN KEY ("role_id") REFERENCES "roles" ("id") ON DELETE SET NULL ON UPDATE CASCADE in C:\Users\Marchell Manurung\xampp\htdocs\inova-medika-solusi\yii\framework\db\CDbCommand.php:358
Stack trace:
#0 C:\Users\Marchell Manurung\xampp\htdocs\inova-medika-solusi\yii\framework\db\CDbCommand.php(1463): CDbCommand->execute()
#1 C:\Users\Marchell Manurung\xampp\htdocs\inova-medika-solusi\yii\framework\db\CDbMigration.php(366): CDbCommand->addForeignKey('fk_users_role', 'users', 'role_id', 'roles', 'id', 'SET NULL', 'CASCADE')
#2 C:\Users\Marchell Manurung\xampp\htdocs\inova-medika-solusi\inova-medika-solusi-app\protected\migrations\m250416_105654_add_role_to_users_database.php(10): CDbMigration->addForeignKey('fk_users_role', 'users', 'role_id', 'roles', 'id', 'SET NULL', 'CASCADE')
#3 C:\Users\Marchell Manurung\xampp\htdocs\inova-medika-solusi\yii\framework\cli\commands\MigrateCommand.php(415): m250416_105654_add_role_to_users_database->up()
#4 C:\Users\Marchell Manurung\xampp\htdocs\inova-medika-solusi\yii\framework\cli\commands\MigrateCommand.php(109): MigrateCommand->migrateUp('m250416_105654_...')
#5 [internal function]: MigrateCommand->actionUp(Array)
#6 C:\Users\Marchell Manurung\xampp\htdocs\inova-medika-solusi\yii\framework\console\CConsoleCommand.php(177): ReflectionMethod->invokeArgs(Object(MigrateCommand), Array)
#7 C:\Users\Marchell Manurung\xampp\htdocs\inova-medika-solusi\yii\framework\console\CConsoleCommandRunner.php(71): CConsoleCommand->run(Array)
#8 C:\Users\Marchell Manurung\xampp\htdocs\inova-medika-solusi\yii\framework\console\CConsoleApplication.php(92): CConsoleCommandRunner->run(Array)
#9 C:\Users\Marchell Manurung\xampp\htdocs\inova-medika-solusi\yii\framework\base\CApplication.php(185): CConsoleApplication->processRequest()
#10 C:\Users\Marchell Manurung\xampp\htdocs\inova-medika-solusi\yii\framework\yiic.php(33): CApplication->run()
#11 C:\Users\Marchell Manurung\xampp\htdocs\inova-medika-solusi\inova-medika-solusi-app\protected\yiic.php(7): require_once('C:\\Users\\Marche...')
#12 {main}
---
2025/04/16 12:58:36 [error] [system.db.CDbCommand] CDbCommand::execute() failed: SQLSTATE[42701]: Duplicate column: 7 ERROR:  column "role_id" of relation "users" already exists. The SQL statement executed was: ALTER TABLE "users" ADD COLUMN "role_id" integer.
2025/04/16 12:58:36 [error] [exception.CDbException] CDbException: CDbCommand failed to execute the SQL statement: SQLSTATE[42701]: Duplicate column: 7 ERROR:  column "role_id" of relation "users" already exists. The SQL statement executed was: ALTER TABLE "users" ADD COLUMN "role_id" integer in C:\Users\Marchell Manurung\xampp\htdocs\inova-medika-solusi\yii\framework\db\CDbCommand.php:358
Stack trace:
#0 C:\Users\Marchell Manurung\xampp\htdocs\inova-medika-solusi\yii\framework\db\CDbCommand.php(1405): CDbCommand->execute()
#1 C:\Users\Marchell Manurung\xampp\htdocs\inova-medika-solusi\yii\framework\db\CDbMigration.php(303): CDbCommand->addColumn('users', 'role_id', 'integer')
#2 C:\Users\Marchell Manurung\xampp\htdocs\inova-medika-solusi\inova-medika-solusi-app\protected\migrations\m250416_105654_add_role_to_users_database.php(7): CDbMigration->addColumn('users', 'role_id', 'integer')
#3 C:\Users\Marchell Manurung\xampp\htdocs\inova-medika-solusi\yii\framework\cli\commands\MigrateCommand.php(415): m250416_105654_add_role_to_users_database->up()
#4 C:\Users\Marchell Manurung\xampp\htdocs\inova-medika-solusi\yii\framework\cli\commands\MigrateCommand.php(109): MigrateCommand->migrateUp('m250416_105654_...')
#5 [internal function]: MigrateCommand->actionUp(Array)
#6 C:\Users\Marchell Manurung\xampp\htdocs\inova-medika-solusi\yii\framework\console\CConsoleCommand.php(177): ReflectionMethod->invokeArgs(Object(MigrateCommand), Array)
#7 C:\Users\Marchell Manurung\xampp\htdocs\inova-medika-solusi\yii\framework\console\CConsoleCommandRunner.php(71): CConsoleCommand->run(Array)
#8 C:\Users\Marchell Manurung\xampp\htdocs\inova-medika-solusi\yii\framework\console\CConsoleApplication.php(92): CConsoleCommandRunner->run(Array)
#9 C:\Users\Marchell Manurung\xampp\htdocs\inova-medika-solusi\yii\framework\base\CApplication.php(185): CConsoleApplication->processRequest()
#10 C:\Users\Marchell Manurung\xampp\htdocs\inova-medika-solusi\yii\framework\yiic.php(33): CApplication->run()
#11 C:\Users\Marchell Manurung\xampp\htdocs\inova-medika-solusi\inova-medika-solusi-app\protected\yiic.php(7): require_once('C:\\Users\\Marche...')
#12 {main}
---
2025/04/16 12:59:30 [error] [system.db.CDbCommand] CDbCommand::execute() failed: SQLSTATE[42701]: Duplicate column: 7 ERROR:  column "role_id" of relation "users" already exists. The SQL statement executed was: ALTER TABLE "users" ADD COLUMN "role_id" integer.
2025/04/16 12:59:30 [error] [exception.CDbException] CDbException: CDbCommand failed to execute the SQL statement: SQLSTATE[42701]: Duplicate column: 7 ERROR:  column "role_id" of relation "users" already exists. The SQL statement executed was: ALTER TABLE "users" ADD COLUMN "role_id" integer in C:\Users\Marchell Manurung\xampp\htdocs\inova-medika-solusi\yii\framework\db\CDbCommand.php:358
Stack trace:
#0 C:\Users\Marchell Manurung\xampp\htdocs\inova-medika-solusi\yii\framework\db\CDbCommand.php(1405): CDbCommand->execute()
#1 C:\Users\Marchell Manurung\xampp\htdocs\inova-medika-solusi\yii\framework\db\CDbMigration.php(303): CDbCommand->addColumn('users', 'role_id', 'integer')
#2 C:\Users\Marchell Manurung\xampp\htdocs\inova-medika-solusi\inova-medika-solusi-app\protected\migrations\m250416_105654_add_role_to_users_database.php(7): CDbMigration->addColumn('users', 'role_id', 'integer')
#3 C:\Users\Marchell Manurung\xampp\htdocs\inova-medika-solusi\yii\framework\cli\commands\MigrateCommand.php(415): m250416_105654_add_role_to_users_database->up()
#4 C:\Users\Marchell Manurung\xampp\htdocs\inova-medika-solusi\yii\framework\cli\commands\MigrateCommand.php(109): MigrateCommand->migrateUp('m250416_105654_...')
#5 [internal function]: MigrateCommand->actionUp(Array)
#6 C:\Users\Marchell Manurung\xampp\htdocs\inova-medika-solusi\yii\framework\console\CConsoleCommand.php(177): ReflectionMethod->invokeArgs(Object(MigrateCommand), Array)
#7 C:\Users\Marchell Manurung\xampp\htdocs\inova-medika-solusi\yii\framework\console\CConsoleCommandRunner.php(71): CConsoleCommand->run(Array)
#8 C:\Users\Marchell Manurung\xampp\htdocs\inova-medika-solusi\yii\framework\console\CConsoleApplication.php(92): CConsoleCommandRunner->run(Array)
#9 C:\Users\Marchell Manurung\xampp\htdocs\inova-medika-solusi\yii\framework\base\CApplication.php(185): CConsoleApplication->processRequest()
#10 C:\Users\Marchell Manurung\xampp\htdocs\inova-medika-solusi\yii\framework\yiic.php(33): CApplication->run()
#11 C:\Users\Marchell Manurung\xampp\htdocs\inova-medika-solusi\inova-medika-solusi-app\protected\yiic.php(7): require_once('C:\\Users\\Marche...')
#12 {main}
---
2025/04/16 13:00:10 [error] [system.db.CDbCommand] CDbCommand::execute() failed: SQLSTATE[42701]: Duplicate column: 7 ERROR:  column "role_id" of relation "users" already exists. The SQL statement executed was: ALTER TABLE "users" ADD COLUMN "role_id" integer.
2025/04/16 13:00:10 [error] [exception.CDbException] CDbException: CDbCommand failed to execute the SQL statement: SQLSTATE[42701]: Duplicate column: 7 ERROR:  column "role_id" of relation "users" already exists. The SQL statement executed was: ALTER TABLE "users" ADD COLUMN "role_id" integer in C:\Users\Marchell Manurung\xampp\htdocs\inova-medika-solusi\yii\framework\db\CDbCommand.php:358
Stack trace:
#0 C:\Users\Marchell Manurung\xampp\htdocs\inova-medika-solusi\yii\framework\db\CDbCommand.php(1405): CDbCommand->execute()
#1 C:\Users\Marchell Manurung\xampp\htdocs\inova-medika-solusi\yii\framework\db\CDbMigration.php(303): CDbCommand->addColumn('users', 'role_id', 'integer')
#2 C:\Users\Marchell Manurung\xampp\htdocs\inova-medika-solusi\inova-medika-solusi-app\protected\migrations\m250416_105654_add_role_to_users_database.php(7): CDbMigration->addColumn('users', 'role_id', 'integer')
#3 C:\Users\Marchell Manurung\xampp\htdocs\inova-medika-solusi\yii\framework\cli\commands\MigrateCommand.php(415): m250416_105654_add_role_to_users_database->up()
#4 C:\Users\Marchell Manurung\xampp\htdocs\inova-medika-solusi\yii\framework\cli\commands\MigrateCommand.php(109): MigrateCommand->migrateUp('m250416_105654_...')
#5 [internal function]: MigrateCommand->actionUp(Array)
#6 C:\Users\Marchell Manurung\xampp\htdocs\inova-medika-solusi\yii\framework\console\CConsoleCommand.php(177): ReflectionMethod->invokeArgs(Object(MigrateCommand), Array)
#7 C:\Users\Marchell Manurung\xampp\htdocs\inova-medika-solusi\yii\framework\console\CConsoleCommandRunner.php(71): CConsoleCommand->run(Array)
#8 C:\Users\Marchell Manurung\xampp\htdocs\inova-medika-solusi\yii\framework\console\CConsoleApplication.php(92): CConsoleCommandRunner->run(Array)
#9 C:\Users\Marchell Manurung\xampp\htdocs\inova-medika-solusi\yii\framework\base\CApplication.php(185): CConsoleApplication->processRequest()
#10 C:\Users\Marchell Manurung\xampp\htdocs\inova-medika-solusi\yii\framework\yiic.php(33): CApplication->run()
#11 C:\Users\Marchell Manurung\xampp\htdocs\inova-medika-solusi\inova-medika-solusi-app\protected\yiic.php(7): require_once('C:\\Users\\Marche...')
#12 {main}
---
2025/04/16 13:00:34 [error] [system.db.CDbCommand] CDbCommand::execute() failed: SQLSTATE[42701]: Duplicate column: 7 ERROR:  column "role_id" of relation "users" already exists. The SQL statement executed was: ALTER TABLE "users" ADD COLUMN "role_id" integer.
2025/04/16 13:00:34 [error] [exception.CDbException] CDbException: CDbCommand failed to execute the SQL statement: SQLSTATE[42701]: Duplicate column: 7 ERROR:  column "role_id" of relation "users" already exists. The SQL statement executed was: ALTER TABLE "users" ADD COLUMN "role_id" integer in C:\Users\Marchell Manurung\xampp\htdocs\inova-medika-solusi\yii\framework\db\CDbCommand.php:358
Stack trace:
#0 C:\Users\Marchell Manurung\xampp\htdocs\inova-medika-solusi\yii\framework\db\CDbCommand.php(1405): CDbCommand->execute()
#1 C:\Users\Marchell Manurung\xampp\htdocs\inova-medika-solusi\yii\framework\db\CDbMigration.php(303): CDbCommand->addColumn('users', 'role_id', 'integer')
#2 C:\Users\Marchell Manurung\xampp\htdocs\inova-medika-solusi\inova-medika-solusi-app\protected\migrations\m250416_105654_add_role_to_users_database.php(7): CDbMigration->addColumn('users', 'role_id', 'integer')
#3 C:\Users\Marchell Manurung\xampp\htdocs\inova-medika-solusi\yii\framework\cli\commands\MigrateCommand.php(415): m250416_105654_add_role_to_users_database->up()
#4 C:\Users\Marchell Manurung\xampp\htdocs\inova-medika-solusi\yii\framework\cli\commands\MigrateCommand.php(109): MigrateCommand->migrateUp('m250416_105654_...')
#5 [internal function]: MigrateCommand->actionUp(Array)
#6 C:\Users\Marchell Manurung\xampp\htdocs\inova-medika-solusi\yii\framework\console\CConsoleCommand.php(177): ReflectionMethod->invokeArgs(Object(MigrateCommand), Array)
#7 C:\Users\Marchell Manurung\xampp\htdocs\inova-medika-solusi\yii\framework\console\CConsoleCommandRunner.php(71): CConsoleCommand->run(Array)
#8 C:\Users\Marchell Manurung\xampp\htdocs\inova-medika-solusi\yii\framework\console\CConsoleApplication.php(92): CConsoleCommandRunner->run(Array)
#9 C:\Users\Marchell Manurung\xampp\htdocs\inova-medika-solusi\yii\framework\base\CApplication.php(185): CConsoleApplication->processRequest()
#10 C:\Users\Marchell Manurung\xampp\htdocs\inova-medika-solusi\yii\framework\yiic.php(33): CApplication->run()
#11 C:\Users\Marchell Manurung\xampp\htdocs\inova-medika-solusi\inova-medika-solusi-app\protected\yiic.php(7): require_once('C:\\Users\\Marche...')
#12 {main}
---
2025/04/18 10:23:58 [error] [system.db.CDbCommand] CDbCommand::execute() failed: SQLSTATE[42701]: Duplicate column: 7 ERROR:  column "role_id" of relation "users" already exists. The SQL statement executed was: ALTER TABLE "users" ADD COLUMN "role_id" integer.
2025/04/18 10:23:58 [error] [exception.CDbException] CDbException: CDbCommand failed to execute the SQL statement: SQLSTATE[42701]: Duplicate column: 7 ERROR:  column "role_id" of relation "users" already exists. The SQL statement executed was: ALTER TABLE "users" ADD COLUMN "role_id" integer in C:\Users\Marchell Manurung\xampp\htdocs\inova-medika-solusi\yii\framework\db\CDbCommand.php:358
Stack trace:
#0 C:\Users\Marchell Manurung\xampp\htdocs\inova-medika-solusi\yii\framework\db\CDbCommand.php(1405): CDbCommand->execute()
#1 C:\Users\Marchell Manurung\xampp\htdocs\inova-medika-solusi\yii\framework\db\CDbMigration.php(303): CDbCommand->addColumn('users', 'role_id', 'integer')
#2 C:\Users\Marchell Manurung\xampp\htdocs\inova-medika-solusi\inova-medika-solusi-app\protected\migrations\m250416_105654_add_role_to_users_database.php(7): CDbMigration->addColumn('users', 'role_id', 'integer')
#3 C:\Users\Marchell Manurung\xampp\htdocs\inova-medika-solusi\yii\framework\cli\commands\MigrateCommand.php(415): m250416_105654_add_role_to_users_database->up()
#4 C:\Users\Marchell Manurung\xampp\htdocs\inova-medika-solusi\yii\framework\cli\commands\MigrateCommand.php(109): MigrateCommand->migrateUp('m250416_105654_...')
#5 [internal function]: MigrateCommand->actionUp(Array)
#6 C:\Users\Marchell Manurung\xampp\htdocs\inova-medika-solusi\yii\framework\console\CConsoleCommand.php(177): ReflectionMethod->invokeArgs(Object(MigrateCommand), Array)
#7 C:\Users\Marchell Manurung\xampp\htdocs\inova-medika-solusi\yii\framework\console\CConsoleCommandRunner.php(71): CConsoleCommand->run(Array)
#8 C:\Users\Marchell Manurung\xampp\htdocs\inova-medika-solusi\yii\framework\console\CConsoleApplication.php(92): CConsoleCommandRunner->run(Array)
#9 C:\Users\Marchell Manurung\xampp\htdocs\inova-medika-solusi\yii\framework\base\CApplication.php(185): CConsoleApplication->processRequest()
#10 C:\Users\Marchell Manurung\xampp\htdocs\inova-medika-solusi\yii\framework\yiic.php(33): CApplication->run()
#11 C:\Users\Marchell Manurung\xampp\htdocs\inova-medika-solusi\inova-medika-solusi-app\protected\yiic.php(7): require_once('C:\\Users\\Marche...')
#12 {main}
---
2025/04/18 11:04:57 [error] [exception.CDbException] CDbException: The table "user" for active record class "User" cannot be found in the database. in C:\Users\Marchell Manurung\xampp\htdocs\inova-medika-solusi\yii\framework\db\ar\CActiveRecord.php:2391
Stack trace:
#0 C:\Users\Marchell Manurung\xampp\htdocs\inova-medika-solusi\yii\framework\db\ar\CActiveRecord.php(413): CActiveRecordMetaData->__construct(Object(User))
#1 C:\Users\Marchell Manurung\xampp\htdocs\inova-medika-solusi\yii\framework\db\ar\CActiveRecord.php(79): CActiveRecord->getMetaData()
#2 C:\Users\Marchell Manurung\xampp\htdocs\inova-medika-solusi\inova-medika-solusi-app\protected\controllers\UserController.php(94): CActiveRecord->__construct('search')
#3 C:\Users\Marchell Manurung\xampp\htdocs\inova-medika-solusi\inova-medika-solusi-app\protected\controllers\UserController.php(89): UserController->actionAdmin()
#4 C:\Users\Marchell Manurung\xampp\htdocs\inova-medika-solusi\yii\framework\web\actions\CInlineAction.php(49): UserController->actionIndex()
#5 C:\Users\Marchell Manurung\xampp\htdocs\inova-medika-solusi\yii\framework\web\CController.php(308): CInlineAction->runWithParams(Array)
#6 C:\Users\Marchell Manurung\xampp\htdocs\inova-medika-solusi\yii\framework\web\filters\CFilterChain.php(134): CController->runAction(Object(CInlineAction))
#7 C:\Users\Marchell Manurung\xampp\htdocs\inova-medika-solusi\yii\framework\web\filters\CFilter.php(40): CFilterChain->run()
#8 C:\Users\Marchell Manurung\xampp\htdocs\inova-medika-solusi\yii\framework\web\CController.php(1148): CFilter->filter(Object(CFilterChain))
#9 C:\Users\Marchell Manurung\xampp\htdocs\inova-medika-solusi\yii\framework\web\filters\CInlineFilter.php(58): CController->filterAccessControl(Object(CFilterChain))
#10 C:\Users\Marchell Manurung\xampp\htdocs\inova-medika-solusi\yii\framework\web\filters\CFilterChain.php(131): CInlineFilter->filter(Object(CFilterChain))
#11 C:\Users\Marchell Manurung\xampp\htdocs\inova-medika-solusi\yii\framework\web\CController.php(291): CFilterChain->run()
#12 C:\Users\Marchell Manurung\xampp\htdocs\inova-medika-solusi\yii\framework\web\CController.php(265): CController->runActionWithFilters(Object(CInlineAction), Array)
#13 C:\Users\Marchell Manurung\xampp\htdocs\inova-medika-solusi\yii\framework\web\CWebApplication.php(282): CController->run('')
#14 C:\Users\Marchell Manurung\xampp\htdocs\inova-medika-solusi\yii\framework\web\CWebApplication.php(141): CWebApplication->runController('user')
#15 C:\Users\Marchell Manurung\xampp\htdocs\inova-medika-solusi\yii\framework\base\CApplication.php(185): CWebApplication->processRequest()
#16 C:\Users\Marchell Manurung\xampp\htdocs\inova-medika-solusi\inova-medika-solusi-app\index.php(13): CApplication->run()
#17 {main}
REQUEST_URI=/inova-medika-solusi/inova-medika-solusi-app/index.php?r=user
HTTP_REFERER=http://localhost:8080/inova-medika-solusi/inova-medika-solusi-app/index.php?r=role/index
---
2025/04/18 11:12:36 [error] [exception.CException] CException: Property "CButtonColumn.name" is not defined. in C:\Users\Marchell Manurung\xampp\htdocs\inova-medika-solusi\yii\framework\base\CComponent.php:172
Stack trace:
#0 C:\Users\Marchell Manurung\xampp\htdocs\inova-medika-solusi\yii\framework\YiiBase.php(227): CComponent->__set('name', 'Aksi')
#1 C:\Users\Marchell Manurung\xampp\htdocs\inova-medika-solusi\yii\framework\zii\widgets\grid\CGridView.php(404): YiiBase::createComponent(Array, Object(CGridView))
#2 C:\Users\Marchell Manurung\xampp\htdocs\inova-medika-solusi\yii\framework\zii\widgets\grid\CGridView.php(375): CGridView->initColumns()
#3 C:\Users\Marchell Manurung\xampp\htdocs\inova-medika-solusi\yii\framework\web\CBaseController.php(147): CGridView->init()
#4 C:\Users\Marchell Manurung\xampp\htdocs\inova-medika-solusi\yii\framework\web\CBaseController.php(181): CBaseController->createWidget('zii.widgets.gri...', Array)
#5 C:\Users\Marchell Manurung\xampp\htdocs\inova-medika-solusi\inova-medika-solusi-app\protected\views\user\admin.php(13): CBaseController->widget('zii.widgets.gri...', Array)
#6 C:\Users\Marchell Manurung\xampp\htdocs\inova-medika-solusi\yii\framework\web\CBaseController.php(126): require('C:\\Users\\Marche...')
#7 C:\Users\Marchell Manurung\xampp\htdocs\inova-medika-solusi\yii\framework\web\CBaseController.php(95): CBaseController->renderInternal('C:\\Users\\Marche...', Array, true)
#8 C:\Users\Marchell Manurung\xampp\htdocs\inova-medika-solusi\yii\framework\web\CController.php(872): CBaseController->renderFile('C:\\Users\\Marche...', Array, true)
#9 C:\Users\Marchell Manurung\xampp\htdocs\inova-medika-solusi\yii\framework\web\CController.php(785): CController->renderPartial('admin', Array, true)
#10 C:\Users\Marchell Manurung\xampp\htdocs\inova-medika-solusi\inova-medika-solusi-app\protected\controllers\UserController.php(101): CController->render('admin', Array)
#11 C:\Users\Marchell Manurung\xampp\htdocs\inova-medika-solusi\inova-medika-solusi-app\protected\controllers\UserController.php(89): UserController->actionAdmin()
#12 C:\Users\Marchell Manurung\xampp\htdocs\inova-medika-solusi\yii\framework\web\actions\CInlineAction.php(49): UserController->actionIndex()
#13 C:\Users\Marchell Manurung\xampp\htdocs\inova-medika-solusi\yii\framework\web\CController.php(308): CInlineAction->runWithParams(Array)
#14 C:\Users\Marchell Manurung\xampp\htdocs\inova-medika-solusi\yii\framework\web\filters\CFilterChain.php(134): CController->runAction(Object(CInlineAction))
#15 C:\Users\Marchell Manurung\xampp\htdocs\inova-medika-solusi\yii\framework\web\filters\CFilter.php(40): CFilterChain->run()
#16 C:\Users\Marchell Manurung\xampp\htdocs\inova-medika-solusi\yii\framework\web\CController.php(1148): CFilter->filter(Object(CFilterChain))
#17 C:\Users\Marchell Manurung\xampp\htdocs\inova-medika-solusi\yii\framework\web\filters\CInlineFilter.php(58): CController->filterAccessControl(Object(CFilterChain))
#18 C:\Users\Marchell Manurung\xampp\htdocs\inova-medika-solusi\yii\framework\web\filters\CFilterChain.php(131): CInlineFilter->filter(Object(CFilterChain))
#19 C:\Users\Marchell Manurung\xampp\htdocs\inova-medika-solusi\yii\framework\web\CController.php(291): CFilterChain->run()
#20 C:\Users\Marchell Manurung\xampp\htdocs\inova-medika-solusi\yii\framework\web\CController.php(265): CController->runActionWithFilters(Object(CInlineAction), Array)
#21 C:\Users\Marchell Manurung\xampp\htdocs\inova-medika-solusi\yii\framework\web\CWebApplication.php(282): CController->run('')
#22 C:\Users\Marchell Manurung\xampp\htdocs\inova-medika-solusi\yii\framework\web\CWebApplication.php(141): CWebApplication->runController('user')
#23 C:\Users\Marchell Manurung\xampp\htdocs\inova-medika-solusi\yii\framework\base\CApplication.php(185): CWebApplication->processRequest()
#24 C:\Users\Marchell Manurung\xampp\htdocs\inova-medika-solusi\inova-medika-solusi-app\index.php(13): CApplication->run()
#25 {main}
REQUEST_URI=/inova-medika-solusi/inova-medika-solusi-app/index.php?r=user
HTTP_REFERER=http://localhost:8080/inova-medika-solusi/inova-medika-solusi-app/index.php?r=user/create
---
2025/04/18 11:12:42 [error] [exception.CException] CException: Property "CButtonColumn.name" is not defined. in C:\Users\Marchell Manurung\xampp\htdocs\inova-medika-solusi\yii\framework\base\CComponent.php:172
Stack trace:
#0 C:\Users\Marchell Manurung\xampp\htdocs\inova-medika-solusi\yii\framework\YiiBase.php(227): CComponent->__set('name', 'Aksi')
#1 C:\Users\Marchell Manurung\xampp\htdocs\inova-medika-solusi\yii\framework\zii\widgets\grid\CGridView.php(404): YiiBase::createComponent(Array, Object(CGridView))
#2 C:\Users\Marchell Manurung\xampp\htdocs\inova-medika-solusi\yii\framework\zii\widgets\grid\CGridView.php(375): CGridView->initColumns()
#3 C:\Users\Marchell Manurung\xampp\htdocs\inova-medika-solusi\yii\framework\web\CBaseController.php(147): CGridView->init()
#4 C:\Users\Marchell Manurung\xampp\htdocs\inova-medika-solusi\yii\framework\web\CBaseController.php(181): CBaseController->createWidget('zii.widgets.gri...', Array)
#5 C:\Users\Marchell Manurung\xampp\htdocs\inova-medika-solusi\inova-medika-solusi-app\protected\views\user\admin.php(13): CBaseController->widget('zii.widgets.gri...', Array)
#6 C:\Users\Marchell Manurung\xampp\htdocs\inova-medika-solusi\yii\framework\web\CBaseController.php(126): require('C:\\Users\\Marche...')
#7 C:\Users\Marchell Manurung\xampp\htdocs\inova-medika-solusi\yii\framework\web\CBaseController.php(95): CBaseController->renderInternal('C:\\Users\\Marche...', Array, true)
#8 C:\Users\Marchell Manurung\xampp\htdocs\inova-medika-solusi\yii\framework\web\CController.php(872): CBaseController->renderFile('C:\\Users\\Marche...', Array, true)
#9 C:\Users\Marchell Manurung\xampp\htdocs\inova-medika-solusi\yii\framework\web\CController.php(785): CController->renderPartial('admin', Array, true)
#10 C:\Users\Marchell Manurung\xampp\htdocs\inova-medika-solusi\inova-medika-solusi-app\protected\controllers\UserController.php(101): CController->render('admin', Array)
#11 C:\Users\Marchell Manurung\xampp\htdocs\inova-medika-solusi\inova-medika-solusi-app\protected\controllers\UserController.php(89): UserController->actionAdmin()
#12 C:\Users\Marchell Manurung\xampp\htdocs\inova-medika-solusi\yii\framework\web\actions\CInlineAction.php(49): UserController->actionIndex()
#13 C:\Users\Marchell Manurung\xampp\htdocs\inova-medika-solusi\yii\framework\web\CController.php(308): CInlineAction->runWithParams(Array)
#14 C:\Users\Marchell Manurung\xampp\htdocs\inova-medika-solusi\yii\framework\web\filters\CFilterChain.php(134): CController->runAction(Object(CInlineAction))
#15 C:\Users\Marchell Manurung\xampp\htdocs\inova-medika-solusi\yii\framework\web\filters\CFilter.php(40): CFilterChain->run()
#16 C:\Users\Marchell Manurung\xampp\htdocs\inova-medika-solusi\yii\framework\web\CController.php(1148): CFilter->filter(Object(CFilterChain))
#17 C:\Users\Marchell Manurung\xampp\htdocs\inova-medika-solusi\yii\framework\web\filters\CInlineFilter.php(58): CController->filterAccessControl(Object(CFilterChain))
#18 C:\Users\Marchell Manurung\xampp\htdocs\inova-medika-solusi\yii\framework\web\filters\CFilterChain.php(131): CInlineFilter->filter(Object(CFilterChain))
#19 C:\Users\Marchell Manurung\xampp\htdocs\inova-medika-solusi\yii\framework\web\CController.php(291): CFilterChain->run()
#20 C:\Users\Marchell Manurung\xampp\htdocs\inova-medika-solusi\yii\framework\web\CController.php(265): CController->runActionWithFilters(Object(CInlineAction), Array)
#21 C:\Users\Marchell Manurung\xampp\htdocs\inova-medika-solusi\yii\framework\web\CWebApplication.php(282): CController->run('')
#22 C:\Users\Marchell Manurung\xampp\htdocs\inova-medika-solusi\yii\framework\web\CWebApplication.php(141): CWebApplication->runController('user')
#23 C:\Users\Marchell Manurung\xampp\htdocs\inova-medika-solusi\yii\framework\base\CApplication.php(185): CWebApplication->processRequest()
#24 C:\Users\Marchell Manurung\xampp\htdocs\inova-medika-solusi\inova-medika-solusi-app\index.php(13): CApplication->run()
#25 {main}
REQUEST_URI=/inova-medika-solusi/inova-medika-solusi-app/index.php?r=user
HTTP_REFERER=http://localhost:8080/inova-medika-solusi/inova-medika-solusi-app/index.php?r=user/create
---
2025/04/18 14:11:03 [error] [exception.CException] CException: Property "User.oldAttributes" is not defined. in C:\Users\Marchell Manurung\xampp\htdocs\inova-medika-solusi\yii\framework\base\CComponent.php:130
Stack trace:
#0 C:\Users\Marchell Manurung\xampp\htdocs\inova-medika-solusi\yii\framework\db\ar\CActiveRecord.php(145): CComponent->__get('oldAttributes')
#1 C:\Users\Marchell Manurung\xampp\htdocs\inova-medika-solusi\inova-medika-solusi-app\protected\models\User.php(79): CActiveRecord->__get('oldAttributes')
#2 C:\Users\Marchell Manurung\xampp\htdocs\inova-medika-solusi\yii\framework\db\ar\CActiveRecord.php(1077): User->beforeSave()
#3 C:\Users\Marchell Manurung\xampp\htdocs\inova-medika-solusi\yii\framework\db\ar\CActiveRecord.php(811): CActiveRecord->insert(NULL)
#4 C:\Users\Marchell Manurung\xampp\htdocs\inova-medika-solusi\inova-medika-solusi-app\protected\controllers\UserController.php(42): CActiveRecord->save()
#5 C:\Users\Marchell Manurung\xampp\htdocs\inova-medika-solusi\yii\framework\web\actions\CInlineAction.php(49): UserController->actionCreate()
#6 C:\Users\Marchell Manurung\xampp\htdocs\inova-medika-solusi\yii\framework\web\CController.php(308): CInlineAction->runWithParams(Array)
#7 C:\Users\Marchell Manurung\xampp\htdocs\inova-medika-solusi\yii\framework\web\filters\CFilterChain.php(134): CController->runAction(Object(CInlineAction))
#8 C:\Users\Marchell Manurung\xampp\htdocs\inova-medika-solusi\yii\framework\web\filters\CFilter.php(40): CFilterChain->run()
#9 C:\Users\Marchell Manurung\xampp\htdocs\inova-medika-solusi\yii\framework\web\CController.php(1148): CFilter->filter(Object(CFilterChain))
#10 C:\Users\Marchell Manurung\xampp\htdocs\inova-medika-solusi\yii\framework\web\filters\CInlineFilter.php(58): CController->filterAccessControl(Object(CFilterChain))
#11 C:\Users\Marchell Manurung\xampp\htdocs\inova-medika-solusi\yii\framework\web\filters\CFilterChain.php(131): CInlineFilter->filter(Object(CFilterChain))
#12 C:\Users\Marchell Manurung\xampp\htdocs\inova-medika-solusi\yii\framework\web\CController.php(291): CFilterChain->run()
#13 C:\Users\Marchell Manurung\xampp\htdocs\inova-medika-solusi\yii\framework\web\CController.php(265): CController->runActionWithFilters(Object(CInlineAction), Array)
#14 C:\Users\Marchell Manurung\xampp\htdocs\inova-medika-solusi\yii\framework\web\CWebApplication.php(282): CController->run('create')
#15 C:\Users\Marchell Manurung\xampp\htdocs\inova-medika-solusi\yii\framework\web\CWebApplication.php(141): CWebApplication->runController('user/create')
#16 C:\Users\Marchell Manurung\xampp\htdocs\inova-medika-solusi\yii\framework\base\CApplication.php(185): CWebApplication->processRequest()
#17 C:\Users\Marchell Manurung\xampp\htdocs\inova-medika-solusi\inova-medika-solusi-app\index.php(13): CApplication->run()
#18 {main}
REQUEST_URI=/inova-medika-solusi/inova-medika-solusi-app/index.php?r=user/create
HTTP_REFERER=http://localhost:8080/inova-medika-solusi/inova-medika-solusi-app/index.php?r=user/create
---
2025/04/18 14:15:56 [error] [exception.CException] CException: User and its behaviors do not have a method or closure named "getOldAttributes". in C:\Users\Marchell Manurung\xampp\htdocs\inova-medika-solusi\yii\framework\base\CComponent.php:264
Stack trace:
#0 C:\Users\Marchell Manurung\xampp\htdocs\inova-medika-solusi\yii\framework\db\ar\CActiveRecord.php(229): CComponent->__call('getOldAttribute...', Array)
#1 C:\Users\Marchell Manurung\xampp\htdocs\inova-medika-solusi\inova-medika-solusi-app\protected\models\User.php(85): CActiveRecord->__call('getOldAttribute...', Array)
#2 C:\Users\Marchell Manurung\xampp\htdocs\inova-medika-solusi\yii\framework\db\ar\CActiveRecord.php(1125): User->beforeSave()
#3 C:\Users\Marchell Manurung\xampp\htdocs\inova-medika-solusi\yii\framework\db\ar\CActiveRecord.php(811): CActiveRecord->update(NULL)
#4 C:\Users\Marchell Manurung\xampp\htdocs\inova-medika-solusi\inova-medika-solusi-app\protected\controllers\UserController.php(67): CActiveRecord->save()
#5 [internal function]: UserController->actionUpdate('2')
#6 C:\Users\Marchell Manurung\xampp\htdocs\inova-medika-solusi\yii\framework\web\actions\CAction.php(114): ReflectionMethod->invokeArgs(Object(UserController), Array)
#7 C:\Users\Marchell Manurung\xampp\htdocs\inova-medika-solusi\yii\framework\web\actions\CInlineAction.php(47): CAction->runWithParamsInternal(Object(UserController), Object(ReflectionMethod), Array)
#8 C:\Users\Marchell Manurung\xampp\htdocs\inova-medika-solusi\yii\framework\web\CController.php(308): CInlineAction->runWithParams(Array)
#9 C:\Users\Marchell Manurung\xampp\htdocs\inova-medika-solusi\yii\framework\web\filters\CFilterChain.php(134): CController->runAction(Object(CInlineAction))
#10 C:\Users\Marchell Manurung\xampp\htdocs\inova-medika-solusi\yii\framework\web\filters\CFilter.php(40): CFilterChain->run()
#11 C:\Users\Marchell Manurung\xampp\htdocs\inova-medika-solusi\yii\framework\web\CController.php(1148): CFilter->filter(Object(CFilterChain))
#12 C:\Users\Marchell Manurung\xampp\htdocs\inova-medika-solusi\yii\framework\web\filters\CInlineFilter.php(58): CController->filterAccessControl(Object(CFilterChain))
#13 C:\Users\Marchell Manurung\xampp\htdocs\inova-medika-solusi\yii\framework\web\filters\CFilterChain.php(131): CInlineFilter->filter(Object(CFilterChain))
#14 C:\Users\Marchell Manurung\xampp\htdocs\inova-medika-solusi\yii\framework\web\CController.php(291): CFilterChain->run()
#15 C:\Users\Marchell Manurung\xampp\htdocs\inova-medika-solusi\yii\framework\web\CController.php(265): CController->runActionWithFilters(Object(CInlineAction), Array)
#16 C:\Users\Marchell Manurung\xampp\htdocs\inova-medika-solusi\yii\framework\web\CWebApplication.php(282): CController->run('update')
#17 C:\Users\Marchell Manurung\xampp\htdocs\inova-medika-solusi\yii\framework\web\CWebApplication.php(141): CWebApplication->runController('user/update')
#18 C:\Users\Marchell Manurung\xampp\htdocs\inova-medika-solusi\yii\framework\base\CApplication.php(185): CWebApplication->processRequest()
#19 C:\Users\Marchell Manurung\xampp\htdocs\inova-medika-solusi\inova-medika-solusi-app\index.php(13): CApplication->run()
#20 {main}
REQUEST_URI=/inova-medika-solusi/inova-medika-solusi-app/index.php?r=user/update&id=2
HTTP_REFERER=http://localhost:8080/inova-medika-solusi/inova-medika-solusi-app/index.php?r=user/update&id=2
---
2025/04/19 10:18:09 [error] [exception.CHttpException.403] CHttpException: You are not authorized to perform this action. in C:\Users\Marchell Manurung\xampp\htdocs\inova-medika-solusi\yii\framework\web\auth\CAccessControlFilter.php:183
Stack trace:
#0 C:\Users\Marchell Manurung\xampp\htdocs\inova-medika-solusi\yii\framework\web\auth\CAccessControlFilter.php(145): CAccessControlFilter->accessDenied(Object(CWebUser), 'You are not aut...')
#1 C:\Users\Marchell Manurung\xampp\htdocs\inova-medika-solusi\yii\framework\web\filters\CFilter.php(38): CAccessControlFilter->preFilter(Object(CFilterChain))
#2 C:\Users\Marchell Manurung\xampp\htdocs\inova-medika-solusi\yii\framework\web\CController.php(1148): CFilter->filter(Object(CFilterChain))
#3 C:\Users\Marchell Manurung\xampp\htdocs\inova-medika-solusi\yii\framework\web\filters\CInlineFilter.php(58): CController->filterAccessControl(Object(CFilterChain))
#4 C:\Users\Marchell Manurung\xampp\htdocs\inova-medika-solusi\yii\framework\web\filters\CFilterChain.php(131): CInlineFilter->filter(Object(CFilterChain))
#5 C:\Users\Marchell Manurung\xampp\htdocs\inova-medika-solusi\yii\framework\web\CController.php(291): CFilterChain->run()
#6 C:\Users\Marchell Manurung\xampp\htdocs\inova-medika-solusi\yii\framework\web\CController.php(265): CController->runActionWithFilters(Object(CInlineAction), Array)
#7 C:\Users\Marchell Manurung\xampp\htdocs\inova-medika-solusi\yii\framework\web\CWebApplication.php(282): CController->run('')
#8 C:\Users\Marchell Manurung\xampp\htdocs\inova-medika-solusi\yii\framework\web\CWebApplication.php(141): CWebApplication->runController('user')
#9 C:\Users\Marchell Manurung\xampp\htdocs\inova-medika-solusi\yii\framework\base\CApplication.php(185): CWebApplication->processRequest()
#10 C:\Users\Marchell Manurung\xampp\htdocs\inova-medika-solusi\inova-medika-solusi-app\index.php(13): CApplication->run()
#11 {main}
REQUEST_URI=/inova-medika-solusi/inova-medika-solusi-app/index.php?r=user
HTTP_REFERER=http://localhost:8080/inova-medika-solusi/inova-medika-solusi-app/index.php?r=dashboard/index
---
2025/04/19 11:38:38 [error] [application] Duplicate NIP detected: 012e2
in C:\Users\Marchell Manurung\xampp\htdocs\inova-medika-solusi\inova-medika-solusi-app\protected\controllers\PegawaiController.php (59)
in C:\Users\Marchell Manurung\xampp\htdocs\inova-medika-solusi\inova-medika-solusi-app\index.php (13)
2025/04/19 11:38:53 [error] [application] Duplicate NIP detected on update: PGW-002
in C:\Users\Marchell Manurung\xampp\htdocs\inova-medika-solusi\inova-medika-solusi-app\protected\controllers\PegawaiController.php (124)
in C:\Users\Marchell Manurung\xampp\htdocs\inova-medika-solusi\inova-medika-solusi-app\index.php (13)
2025/04/19 11:38:53 [error] [application] Duplicate NIP detected on update: PGW-002
in C:\Users\Marchell Manurung\xampp\htdocs\inova-medika-solusi\inova-medika-solusi-app\protected\controllers\PegawaiController.php (124)
in C:\Users\Marchell Manurung\xampp\htdocs\inova-medika-solusi\inova-medika-solusi-app\index.php (13)
2025/04/19 11:39:06 [error] [application] Error saving model: array (
  'nama' => 
  array (
    0 => 'Nama Lengkap cannot be blank.',
  ),
)
in C:\Users\Marchell Manurung\xampp\htdocs\inova-medika-solusi\inova-medika-solusi-app\protected\controllers\PegawaiController.php (66)
in C:\Users\Marchell Manurung\xampp\htdocs\inova-medika-solusi\inova-medika-solusi-app\index.php (13)
2025/04/19 11:39:15 [error] [application] Duplicate NIP detected: PGW-004
in C:\Users\Marchell Manurung\xampp\htdocs\inova-medika-solusi\inova-medika-solusi-app\protected\controllers\PegawaiController.php (59)
in C:\Users\Marchell Manurung\xampp\htdocs\inova-medika-solusi\inova-medika-solusi-app\index.php (13)
2025/04/19 11:39:15 [error] [application] Duplicate NIP detected: PGW-004
in C:\Users\Marchell Manurung\xampp\htdocs\inova-medika-solusi\inova-medika-solusi-app\protected\controllers\PegawaiController.php (59)
in C:\Users\Marchell Manurung\xampp\htdocs\inova-medika-solusi\inova-medika-solusi-app\index.php (13)
2025/04/19 11:39:40 [error] [application] Error saving model: array (
  'nama' => 
  array (
    0 => 'Nama Lengkap cannot be blank.',
  ),
)
in C:\Users\Marchell Manurung\xampp\htdocs\inova-medika-solusi\inova-medika-solusi-app\protected\controllers\PegawaiController.php (66)
in C:\Users\Marchell Manurung\xampp\htdocs\inova-medika-solusi\inova-medika-solusi-app\index.php (13)
2025/04/19 11:39:44 [error] [application] Duplicate NIP detected: PGW-005
in C:\Users\Marchell Manurung\xampp\htdocs\inova-medika-solusi\inova-medika-solusi-app\protected\controllers\PegawaiController.php (59)
in C:\Users\Marchell Manurung\xampp\htdocs\inova-medika-solusi\inova-medika-solusi-app\index.php (13)
2025/04/19 11:39:51 [error] [application] Duplicate NIP detected: PGW-006
in C:\Users\Marchell Manurung\xampp\htdocs\inova-medika-solusi\inova-medika-solusi-app\protected\controllers\PegawaiController.php (59)
in C:\Users\Marchell Manurung\xampp\htdocs\inova-medika-solusi\inova-medika-solusi-app\index.php (13)
2025/04/19 11:40:11 [error] [application] Error saving model: array (
  'nama' => 
  array (
    0 => 'Nama Lengkap cannot be blank.',
  ),
)
in C:\Users\Marchell Manurung\xampp\htdocs\inova-medika-solusi\inova-medika-solusi-app\protected\controllers\PegawaiController.php (66)
in C:\Users\Marchell Manurung\xampp\htdocs\inova-medika-solusi\inova-medika-solusi-app\index.php (13)
2025/04/19 11:40:17 [error] [application] Duplicate NIP detected: PGW-005
in C:\Users\Marchell Manurung\xampp\htdocs\inova-medika-solusi\inova-medika-solusi-app\protected\controllers\PegawaiController.php (59)
in C:\Users\Marchell Manurung\xampp\htdocs\inova-medika-solusi\inova-medika-solusi-app\index.php (13)
2025/04/19 11:40:19 [error] [application] Duplicate NIP detected: PGW-005
in C:\Users\Marchell Manurung\xampp\htdocs\inova-medika-solusi\inova-medika-solusi-app\protected\controllers\PegawaiController.php (59)
in C:\Users\Marchell Manurung\xampp\htdocs\inova-medika-solusi\inova-medika-solusi-app\index.php (13)
2025/04/19 11:40:20 [error] [application] Duplicate NIP detected: PGW-005
in C:\Users\Marchell Manurung\xampp\htdocs\inova-medika-solusi\inova-medika-solusi-app\protected\controllers\PegawaiController.php (59)
in C:\Users\Marchell Manurung\xampp\htdocs\inova-medika-solusi\inova-medika-solusi-app\index.php (13)
